\BOOKMARK [0][]{Contents.0}{\376\377\000T\000a\000b\000l\000e\000\040\000o\000f\000\040\000c\000o\000n\000t\000e\000n\000t\000s}{}% 1
\BOOKMARK [0][]{chapter*.5}{\376\377\000L\000i\000s\000t\000\040\000o\000f\000\040\000f\000i\000g\000u\000r\000e\000s}{}% 2
\BOOKMARK [0][]{chapter*.6}{\376\377\000L\000i\000s\000t\000\040\000o\000f\000\040\000t\000a\000b\000l\000e\000s}{}% 3
\BOOKMARK [0][]{chapter.1}{\376\377\0001\000\040\000I\000n\000t\000r\000o\000d\000u\000c\000t\000i\000o\000n}{}% 4
\BOOKMARK [1][]{section.1.1}{\376\377\0001\000.\0001\000\040\000W\000h\000a\000t\000\040\000i\000s\000\040\000l\000o\000r\000e\000n\000\040\000i\000p\000s\000u\000m\000?\000\040\000T\000i\000t\000l\000e\000\040\000w\000i\000t\000h\000\040\000m\000a\000t\000h\000\040\000[\000s\000i\000g\000m\000a\000]}{chapter.1}% 5
\BOOKMARK [1][]{section.1.2}{\376\377\0001\000.\0002\000\040\000W\000h\000y\000\040\000d\000o\000\040\000w\000e\000\040\000u\000s\000e\000\040\000l\000o\000r\000e\000n\000\040\000i\000p\000s\000u\000m\000?}{chapter.1}% 6
\BOOKMARK [1][]{section.1.3}{\376\377\0001\000.\0003\000\040\000W\000h\000e\000r\000e\000\040\000d\000o\000e\000s\000\040\000i\000t\000\040\000c\000o\000m\000e\000\040\000f\000r\000o\000m\000?}{chapter.1}% 7
\BOOKMARK [0][]{chapter.2}{\376\377\0002\000\040\000H\000e\000a\000v\000y\000\040\000N\000e\000u\000t\000r\000a\000l\000\040\000L\000e\000p\000t\000o\000n\000\040\000T\000h\000e\000o\000r\000y}{}% 8
\BOOKMARK [1][]{section.2.1}{\376\377\0002\000.\0001\000\040\000R\000i\000g\000h\000t\000-\000H\000a\000n\000d\000e\000d\000\040\000N\000e\000u\000t\000r\000a\000l\000\040\000S\000t\000a\000t\000e\000s}{chapter.2}% 9
\BOOKMARK [1][]{section.2.2}{\376\377\0002\000.\0002\000\040\000P\000r\000o\000d\000u\000c\000t\000i\000o\000n}{chapter.2}% 10
\BOOKMARK [1][]{section.2.3}{\376\377\0002\000.\0003\000\040\000D\000e\000c\000a\000y}{chapter.2}% 11
\BOOKMARK [1][]{section.2.4}{\376\377\0002\000.\0004\000\040\000P\000r\000e\000v\000i\000o\000u\000s\000\040\000S\000e\000a\000r\000c\000h\000e\000s}{chapter.2}% 12
\BOOKMARK [2][]{subsection.2.4.1}{\376\377\0002\000.\0004\000.\0001\000\040\000P\000e\000a\000k\000\040\000S\000e\000a\000r\000c\000h\000e\000s}{section.2.4}% 13
\BOOKMARK [2][]{subsection.2.4.2}{\376\377\0002\000.\0004\000.\0002\000\040\000D\000e\000c\000a\000y\000\040\000S\000e\000a\000r\000c\000h\000e\000s}{section.2.4}% 14
\BOOKMARK [0][]{chapter.3}{\376\377\0003\000\040\000L\000i\000q\000u\000i\000d\000\040\000A\000r\000g\000o\000n\000\040\000T\000i\000m\000e\000\040\000P\000r\000o\000j\000e\000c\000t\000i\000o\000n\000\040\000C\000h\000a\000m\000b\000e\000r\000s}{}% 15
\BOOKMARK [1][]{section.3.1}{\376\377\0003\000.\0001\000\040\000F\000i\000r\000s\000t\000\040\000s\000e\000c\000t\000i\000o\000n\000\040\000o\000f\000\040\000t\000h\000e\000\040\000t\000h\000i\000r\000d\000\040\000c\000h\000a\000p\000t\000e\000r}{chapter.3}% 16
\BOOKMARK [2][]{subsection.3.1.1}{\376\377\0003\000.\0001\000.\0001\000\040\000F\000i\000r\000s\000t\000\040\000s\000u\000b\000s\000e\000c\000t\000i\000o\000n\000\040\000i\000n\000\040\000t\000h\000e\000\040\000f\000i\000r\000s\000t\000\040\000s\000e\000c\000t\000i\000o\000n}{section.3.1}% 17
\BOOKMARK [2][]{subsection.3.1.2}{\376\377\0003\000.\0001\000.\0002\000\040\000S\000e\000c\000o\000n\000d\000\040\000s\000u\000b\000s\000e\000c\000t\000i\000o\000n\000\040\000i\000n\000\040\000t\000h\000e\000\040\000f\000i\000r\000s\000t\000\040\000s\000e\000c\000t\000i\000o\000n}{section.3.1}% 18
\BOOKMARK [2][]{subsection.3.1.3}{\376\377\0003\000.\0001\000.\0003\000\040\000T\000h\000i\000r\000d\000\040\000s\000u\000b\000s\000e\000c\000t\000i\000o\000n\000\040\000i\000n\000\040\000t\000h\000e\000\040\000f\000i\000r\000s\000t\000\040\000s\000e\000c\000t\000i\000o\000n}{section.3.1}% 19
\BOOKMARK [1][]{section.3.2}{\376\377\0003\000.\0002\000\040\000S\000e\000c\000o\000n\000d\000\040\000s\000e\000c\000t\000i\000o\000n\000\040\000o\000f\000\040\000t\000h\000e\000\040\000t\000h\000i\000r\000d\000\040\000c\000h\000a\000p\000t\000e\000r}{chapter.3}% 20
\BOOKMARK [1][]{section.3.3}{\376\377\0003\000.\0003\000\040\000T\000h\000e\000\040\000l\000a\000y\000o\000u\000t\000\040\000o\000f\000\040\000f\000o\000r\000m\000a\000l\000\040\000t\000a\000b\000l\000e\000s}{chapter.3}% 21
\BOOKMARK [0][]{chapter.4}{\376\377\0004\000\040\000T\000h\000e\000\040\000S\000h\000o\000r\000t\000-\000B\000a\000s\000e\000l\000i\000n\000e\000\040\000N\000e\000a\000r\000\040\000D\000e\000t\000e\000c\000t\000o\000r}{}% 22
\BOOKMARK [0][]{chapter.5}{\376\377\0005\000\040\000T\000i\000m\000i\000n\000g\000\040\000R\000e\000s\000o\000l\000u\000t\000i\000o\000n\000\040\000o\000f\000\040\000D\000a\000t\000a\000\040\000A\000c\000q\000u\000i\000s\000i\000t\000i\000o\000n}{}% 23
\BOOKMARK [1][]{section.5.1}{\376\377\0005\000.\0001\000\040\000O\000v\000e\000r\000v\000i\000e\000w\000\040\000o\000f\000\040\000D\000a\000t\000a\000\040\000A\000c\000q\000u\000i\000s\000i\000t\000i\000o\000n\000\040\000a\000t\000\040\000S\000B\000N\000D}{chapter.5}% 24
\BOOKMARK [1][]{section.5.2}{\376\377\0005\000.\0002\000\040\000T\000i\000m\000i\000n\000g\000\040\000R\000e\000f\000e\000r\000e\000n\000c\000e\000\040\000S\000y\000s\000t\000e\000m\000\040\000o\000f\000\040\000t\000h\000e\000\040\000D\000a\000t\000a\000\040\000A\000c\000q\000u\000i\000s\000i\000t\000i\000o\000n}{chapter.5}% 25
\BOOKMARK [2][]{subsection.5.2.1}{\376\377\0005\000.\0002\000.\0001\000\040\000T\000i\000m\000e\000\040\000a\000n\000d\000\040\000F\000r\000e\000q\000u\000e\000n\000c\000y\000\040\000T\000r\000a\000n\000s\000f\000e\000r\000\040\000T\000o\000\040\000S\000u\000b\000s\000y\000s\000t\000e\000m\000s}{section.5.2}% 26
\BOOKMARK [2][]{subsection.5.2.2}{\376\377\0005\000.\0002\000.\0002\000\040\000P\000r\000e\000c\000i\000s\000e\000\040\000T\000i\000m\000e\000s\000t\000a\000m\000p\000i\000n\000g}{section.5.2}% 27
\BOOKMARK [1][]{section.5.3}{\376\377\0005\000.\0003\000\040\000T\000i\000m\000i\000n\000g\000\040\000P\000r\000e\000c\000i\000s\000i\000o\000n\000\040\000o\000f\000\040\000t\000h\000e\000\040\000C\000o\000s\000m\000i\000c\000\040\000R\000a\000y\000\040\000T\000a\000g\000g\000e\000r\000\040\000D\000A\000Q}{chapter.5}% 28
\BOOKMARK [2][]{subsection.5.3.1}{\376\377\0005\000.\0003\000.\0001\000\040\000F\000r\000o\000n\000t\000\040\000E\000n\000d\000\040\000B\000o\000a\000r\000d\000\040\000C\000l\000o\000c\000k}{section.5.3}% 29
\BOOKMARK [2][]{subsection.5.3.2}{\376\377\0005\000.\0003\000.\0002\000\040\000E\000v\000a\000l\000u\000a\000t\000i\000o\000n\000\040\000o\000f\000\040\000T\000i\000m\000i\000n\000g\000\040\000R\000e\000s\000o\000l\000u\000t\000i\000o\000n}{section.5.3}% 30
\BOOKMARK [2][]{subsection.5.3.3}{\376\377\0005\000.\0003\000.\0003\000\040\000A\000l\000t\000e\000r\000n\000a\000t\000i\000v\000e\000\040\000T\000i\000m\000i\000n\000g\000\040\000R\000e\000c\000o\000n\000s\000t\000r\000u\000c\000t\000i\000o\000n}{section.5.3}% 31
\BOOKMARK [1][]{section.5.4}{\376\377\0005\000.\0004\000\040\000T\000i\000m\000i\000n\000g\000\040\000P\000r\000e\000c\000i\000s\000i\000o\000n\000\040\000o\000f\000\040\000t\000h\000e\000\040\000P\000h\000o\000t\000o\000m\000u\000l\000t\000i\000p\000l\000i\000e\000r\000\040\000T\000u\000b\000e\000\040\000D\000A\000Q}{chapter.5}% 32
\BOOKMARK [2][]{subsection.5.4.1}{\376\377\0005\000.\0004\000.\0001\000\040\000C\000A\000E\000N\000\040\000D\000i\000g\000i\000t\000i\000z\000e\000r\000\040\000C\000l\000o\000c\000k}{section.5.4}% 33
\BOOKMARK [2][]{subsection.5.4.2}{\376\377\0005\000.\0004\000.\0002\000\040\000E\000v\000a\000l\000u\000a\000t\000i\000o\000n\000\040\000o\000f\000\040\000T\000i\000m\000i\000n\000g\000\040\000S\000y\000n\000c\000h\000r\000o\000n\000i\000s\000a\000t\000i\000o\000n}{section.5.4}% 34
\BOOKMARK [2][]{subsection.5.4.3}{\376\377\0005\000.\0004\000.\0003\000\040\000C\000l\000o\000c\000k\000\040\000J\000i\000t\000t\000e\000r\000i\000n\000g\000\040\000C\000o\000r\000r\000e\000c\000t\000i\000o\000n}{section.5.4}% 35
\BOOKMARK [1][]{section.5.5}{\376\377\0005\000.\0005\000\040\000C\000o\000n\000c\000l\000u\000d\000i\000n\000g\000\040\000R\000e\000m\000a\000r\000k\000s}{chapter.5}% 36
\BOOKMARK [0][]{chapter.6}{\376\377\0006\000\040\000P\000a\000n\000d\000o\000r\000a\000\040\000P\000a\000t\000t\000e\000r\000n\000\040\000R\000e\000c\000o\000g\000n\000i\000t\000i\000o\000n\000\040\000R\000e\000c\000o\000n\000s\000t\000r\000u\000c\000t\000i\000o\000n}{}% 37
\BOOKMARK [0][]{chapter.7}{\376\377\0007\000\040\000H\000e\000a\000v\000y\000\040\000N\000e\000u\000t\000r\000a\000l\000\040\000L\000e\000p\000t\000o\000n\000\040\000S\000e\000n\000s\000i\000t\000i\000v\000i\000t\000y\000\040\000E\000x\000c\000l\000u\000s\000i\000o\000n\000\040\000M\000e\000a\000s\000u\000r\000e\000m\000e\000n\000t}{}% 38
\BOOKMARK [0][]{chapter.8}{\376\377\0008\000\040\000C\000o\000n\000c\000l\000u\000s\000i\000o\000n}{}% 39
\BOOKMARK [0][]{chapter*.36}{\376\377\000R\000e\000f\000e\000r\000e\000n\000c\000e\000s}{}% 40
